<?xml version="1.0" encoding="UTF-8"?>
<!-- Generated by org.testng.reporters.JUnitReportReporter -->
<testsuite hostname="DESKTOP-7VU1E4N" failures="0" tests="3" name="Ques1" time="0.015" errors="0" timestamp="26 Apr 2021 08:06:24 GMT" skipped="0">
  <testcase classname="Ques1" name="DataTest" time="0.003"/>
  <testcase classname="Ques1" name="DataTest" time="0.011"/>
  <testcase classname="Ques1" name="DataTest" time="0.001"/>
</testsuite> <!-- Ques1 -->
